Equate elements:  no current cell.
Equate elements:  no current cell.
Equate elements:  no current cell.

Subcircuit summary:
Circuit 1: netA.spice                      |Circuit 2: netB.spice                      
-------------------------------------------|-------------------------------------------
cell1 (1)                                  |cell1 (1)                                  
cell2 (1)                                  |cell2 (1)                                  
cell3 (1)                                  |cell3 (1)                                  
Number of devices: 3                       |Number of devices: 3                       
Number of nets: 3                          |Number of nets: 3                          
---------------------------------------------------------------------------------------
NET mismatches: Class fragments follow (with fanout counts):
Circuit 1: netA.spice                      |Circuit 2: netB.spice                      

---------------------------------------------------------------------------------------
Net: C                                     |Net: B                                     
  cell1/3 = 1                              |  cell1/2 = 1                              
  cell3/2 = 1                              |  cell2/2 = 1                              
---------------------------------------------------------------------------------------

---------------------------------------------------------------------------------------
Net: B                                     |Net: C                                     
  cell1/2 = 1                              |  cell1/3 = 1                              
  cell2/2 = 1                              |  cell3/1 = 1                              
  cell3/1 = 1                              |  cell3/2 = 1                              
---------------------------------------------------------------------------------------

---------------------------------------------------------------------------------------
Net: A                                     |Net: A                                     
  cell1/1 = 1                              |  cell1/1 = 1                              
  cell2/1 = 1                              |  cell2/1 = 1                              
  cell2/3 = 1                              |  cell2/3 = 1                              
  cell3/3 = 1                              |  cell3/3 = 1                              
---------------------------------------------------------------------------------------
DEVICE mismatches: Class fragments follow (with node fanout counts):
Circuit 1: netA.spice                      |Circuit 2: netB.spice                      

---------------------------------------------------------------------------------------
Instance: cell33                           |Instance: cell33                           
  1 = 3                                    |  1 = 3                                    
  2 = 2                                    |  2 = 3                                    
  3 = 4                                    |  3 = 4                                    
---------------------------------------------------------------------------------------

---------------------------------------------------------------------------------------
Instance: cell22                           |Instance: cell22                           
  1 = 4                                    |  1 = 4                                    
  2 = 3                                    |  2 = 2                                    
  3 = 4                                    |  3 = 4                                    
---------------------------------------------------------------------------------------

---------------------------------------------------------------------------------------
Instance: cell11                           |Instance: cell11                           
  1 = 4                                    |  1 = 4                                    
  2 = 3                                    |  2 = 2                                    
  3 = 2                                    |  3 = 3                                    
---------------------------------------------------------------------------------------
Netlists do not match.
Netlists do not match.
